<?xml version="1.0" encoding="UTF-8"?>
<!-- Generated by org.testng.reporters.JUnitReportReporter -->
<testsuite hostname="MacBook-Pro" failures="0" tests="2" name="TestBrowserOpen" time="3.653" errors="0" timestamp="2023-02-08T21:57:35 EST" skipped="0">
  <testcase classname="TestBrowserOpen" name="TestMethod" time="3.653"/>
  <system-out/>
  <testcase classname="TestBrowserOpen" name="TestMethod2" time="0.000"/>
  <system-out/>
</testsuite> <!-- TestBrowserOpen -->
